<?xml version="1.0" encoding="UTF-8"?>
<testsuite xmlns:xsi="http://www.w3.org/2001/XMLSchema-instance" xsi:noNamespaceSchemaLocation="https://maven.apache.org/surefire/maven-surefire-plugin/xsd/surefire-test-report.xsd" version="3.0.2" name="com.payment.paymentservice.controller.PayoutControllerTest" time="0.017" tests="2" errors="0" skipped="0" failures="0">
  <properties>
[...]
</properties>
  <testcase name="createPayout_Success" classname="PayoutController Basic Unit Tests" time="0.012">
    <system-out><![CDATA[17:39:48.493 [main] INFO com.payment.paymentservice.controller.PayoutController -- Received payout create request: userId=507f1f77bcf86cd799439011, amount=250.0, upiId=user@paytm
17:39:48.494 [main] INFO com.payment.paymentservice.controller.PayoutController -- Payout response: id=pout_MnzJBBTmzqDjFG, status=SUCCESS
]]></system-out>
  </testcase>
  <testcase name="createPayout_ServiceException" classname="PayoutController Basic Unit Tests" time="0.003">
    <system-out><![CDATA[17:39:48.497 [main] INFO com.payment.paymentservice.controller.PayoutController -- Received payout create request: userId=507f1f77bcf86cd799439011, amount=250.0, upiId=user@paytm
]]></system-out>
  </testcase>
</testsuite>